[2019-06-26 19:31:22] production.ERROR: Call to undefined method Illuminate\Validation\Rules\In::__set_state() {"exception":"[object] (Symfony\\Component\\Debug\\Exception\\FatalThrowableError(code: 0): Call to undefined method Illuminate\\Validation\\Rules\\In::__set_state() at /home/erikacosta/projects/chefgo/backend/bootstrap/cache/config.php:648)
[stacktrace]
#0 /home/erikacosta/projects/chefgo/backend/vendor/laravel/framework/src/Illuminate/Foundation/Bootstrap/LoadConfiguration.php(28): require()
#1 /home/erikacosta/projects/chefgo/backend/vendor/laravel/framework/src/Illuminate/Foundation/Application.php(213): Illuminate\\Foundation\\Bootstrap\\LoadConfiguration->bootstrap(Object(Illuminate\\Foundation\\Application))
#2 /home/erikacosta/projects/chefgo/backend/vendor/laravel/framework/src/Illuminate/Foundation/Console/Kernel.php(296): Illuminate\\Foundation\\Application->bootstrapWith(Array)
#3 /home/erikacosta/projects/chefgo/backend/vendor/laravel/framework/src/Illuminate/Foundation/Console/Kernel.php(119): Illuminate\\Foundation\\Console\\Kernel->bootstrap()
#4 /home/erikacosta/projects/chefgo/backend/artisan(35): Illuminate\\Foundation\\Console\\Kernel->handle(Object(Symfony\\Component\\Console\\Input\\ArgvInput), Object(Symfony\\Component\\Console\\Output\\ConsoleOutput))
#5 {main}
"} 
[2019-06-26 19:31:34] production.ERROR: Call to undefined method Illuminate\Validation\Rules\In::__set_state() {"exception":"[object] (Symfony\\Component\\Debug\\Exception\\FatalThrowableError(code: 0): Call to undefined method Illuminate\\Validation\\Rules\\In::__set_state() at /home/erikacosta/projects/chefgo/backend/bootstrap/cache/config.php:648)
[stacktrace]
#0 /home/erikacosta/projects/chefgo/backend/vendor/laravel/framework/src/Illuminate/Foundation/Bootstrap/LoadConfiguration.php(28): require()
#1 /home/erikacosta/projects/chefgo/backend/vendor/laravel/framework/src/Illuminate/Foundation/Application.php(213): Illuminate\\Foundation\\Bootstrap\\LoadConfiguration->bootstrap(Object(Illuminate\\Foundation\\Application))
#2 /home/erikacosta/projects/chefgo/backend/vendor/laravel/framework/src/Illuminate/Foundation/Console/Kernel.php(296): Illuminate\\Foundation\\Application->bootstrapWith(Array)
#3 /home/erikacosta/projects/chefgo/backend/vendor/laravel/framework/src/Illuminate/Foundation/Console/Kernel.php(119): Illuminate\\Foundation\\Console\\Kernel->bootstrap()
#4 /home/erikacosta/projects/chefgo/backend/artisan(35): Illuminate\\Foundation\\Console\\Kernel->handle(Object(Symfony\\Component\\Console\\Input\\ArgvInput), Object(Symfony\\Component\\Console\\Output\\ConsoleOutput))
#5 {main}
"} 
[2019-06-26 19:32:14] production.ERROR: Call to undefined method Illuminate\Validation\Rules\In::__set_state() {"exception":"[object] (Symfony\\Component\\Debug\\Exception\\FatalThrowableError(code: 0): Call to undefined method Illuminate\\Validation\\Rules\\In::__set_state() at /home/erikacosta/projects/chefgo/backend/bootstrap/cache/config.php:648)
[stacktrace]
#0 /home/erikacosta/projects/chefgo/backend/vendor/laravel/framework/src/Illuminate/Foundation/Bootstrap/LoadConfiguration.php(28): require()
#1 /home/erikacosta/projects/chefgo/backend/vendor/laravel/framework/src/Illuminate/Foundation/Application.php(213): Illuminate\\Foundation\\Bootstrap\\LoadConfiguration->bootstrap(Object(Illuminate\\Foundation\\Application))
#2 /home/erikacosta/projects/chefgo/backend/vendor/laravel/framework/src/Illuminate/Foundation/Console/Kernel.php(296): Illuminate\\Foundation\\Application->bootstrapWith(Array)
#3 /home/erikacosta/projects/chefgo/backend/vendor/laravel/framework/src/Illuminate/Foundation/Console/Kernel.php(119): Illuminate\\Foundation\\Console\\Kernel->bootstrap()
#4 /home/erikacosta/projects/chefgo/backend/artisan(35): Illuminate\\Foundation\\Console\\Kernel->handle(Object(Symfony\\Component\\Console\\Input\\ArgvInput), Object(Symfony\\Component\\Console\\Output\\ConsoleOutput))
#5 {main}
"} 
[2019-06-26 19:33:35] production.ERROR: Call to undefined method Illuminate\Validation\Rules\In::__set_state() {"exception":"[object] (Symfony\\Component\\Debug\\Exception\\FatalThrowableError(code: 0): Call to undefined method Illuminate\\Validation\\Rules\\In::__set_state() at /home/erikacosta/projects/chefgo/backend/bootstrap/cache/config.php:648)
[stacktrace]
#0 /home/erikacosta/projects/chefgo/backend/vendor/laravel/framework/src/Illuminate/Foundation/Bootstrap/LoadConfiguration.php(28): require()
#1 /home/erikacosta/projects/chefgo/backend/vendor/laravel/framework/src/Illuminate/Foundation/Application.php(213): Illuminate\\Foundation\\Bootstrap\\LoadConfiguration->bootstrap(Object(Illuminate\\Foundation\\Application))
#2 /home/erikacosta/projects/chefgo/backend/vendor/laravel/framework/src/Illuminate/Foundation/Console/Kernel.php(296): Illuminate\\Foundation\\Application->bootstrapWith(Array)
#3 /home/erikacosta/projects/chefgo/backend/vendor/laravel/framework/src/Illuminate/Foundation/Console/Kernel.php(119): Illuminate\\Foundation\\Console\\Kernel->bootstrap()
#4 /home/erikacosta/projects/chefgo/backend/artisan(35): Illuminate\\Foundation\\Console\\Kernel->handle(Object(Symfony\\Component\\Console\\Input\\ArgvInput), Object(Symfony\\Component\\Console\\Output\\ConsoleOutput))
#5 {main}
"} 
[2019-06-26 19:34:25] production.ERROR: Call to undefined method Illuminate\Validation\Rules\In::__set_state() {"exception":"[object] (Symfony\\Component\\Debug\\Exception\\FatalThrowableError(code: 0): Call to undefined method Illuminate\\Validation\\Rules\\In::__set_state() at /home/erikacosta/projects/chefgo/backend/bootstrap/cache/config.php:648)
[stacktrace]
#0 /home/erikacosta/projects/chefgo/backend/vendor/laravel/framework/src/Illuminate/Foundation/Bootstrap/LoadConfiguration.php(28): require()
#1 /home/erikacosta/projects/chefgo/backend/vendor/laravel/framework/src/Illuminate/Foundation/Application.php(213): Illuminate\\Foundation\\Bootstrap\\LoadConfiguration->bootstrap(Object(Illuminate\\Foundation\\Application))
#2 /home/erikacosta/projects/chefgo/backend/vendor/laravel/framework/src/Illuminate/Foundation/Console/Kernel.php(296): Illuminate\\Foundation\\Application->bootstrapWith(Array)
#3 /home/erikacosta/projects/chefgo/backend/vendor/laravel/framework/src/Illuminate/Foundation/Console/Kernel.php(119): Illuminate\\Foundation\\Console\\Kernel->bootstrap()
#4 /home/erikacosta/projects/chefgo/backend/artisan(35): Illuminate\\Foundation\\Console\\Kernel->handle(Object(Symfony\\Component\\Console\\Input\\ArgvInput), Object(Symfony\\Component\\Console\\Output\\ConsoleOutput))
#5 {main}
"} 
[2019-06-26 19:37:23] production.ERROR: Call to undefined method Illuminate\Validation\Rules\In::__set_state() {"exception":"[object] (Symfony\\Component\\Debug\\Exception\\FatalThrowableError(code: 0): Call to undefined method Illuminate\\Validation\\Rules\\In::__set_state() at /home/erikacosta/projects/chefgo/backend/bootstrap/cache/config.php:648)
[stacktrace]
#0 /home/erikacosta/projects/chefgo/backend/vendor/laravel/framework/src/Illuminate/Foundation/Bootstrap/LoadConfiguration.php(28): require()
#1 /home/erikacosta/projects/chefgo/backend/vendor/laravel/framework/src/Illuminate/Foundation/Application.php(213): Illuminate\\Foundation\\Bootstrap\\LoadConfiguration->bootstrap(Object(Illuminate\\Foundation\\Application))
#2 /home/erikacosta/projects/chefgo/backend/vendor/laravel/framework/src/Illuminate/Foundation/Console/Kernel.php(296): Illuminate\\Foundation\\Application->bootstrapWith(Array)
#3 /home/erikacosta/projects/chefgo/backend/vendor/laravel/framework/src/Illuminate/Foundation/Console/Kernel.php(119): Illuminate\\Foundation\\Console\\Kernel->bootstrap()
#4 /home/erikacosta/projects/chefgo/backend/artisan(35): Illuminate\\Foundation\\Console\\Kernel->handle(Object(Symfony\\Component\\Console\\Input\\ArgvInput), Object(Symfony\\Component\\Console\\Output\\ConsoleOutput))
#5 {main}
"} 
[2019-06-26 19:37:45] production.ERROR: Call to undefined method Illuminate\Validation\Rules\In::__set_state() {"exception":"[object] (Symfony\\Component\\Debug\\Exception\\FatalThrowableError(code: 0): Call to undefined method Illuminate\\Validation\\Rules\\In::__set_state() at /home/erikacosta/projects/chefgo/backend/bootstrap/cache/config.php:648)
[stacktrace]
#0 /home/erikacosta/projects/chefgo/backend/vendor/laravel/framework/src/Illuminate/Foundation/Bootstrap/LoadConfiguration.php(28): require()
#1 /home/erikacosta/projects/chefgo/backend/vendor/laravel/framework/src/Illuminate/Foundation/Application.php(213): Illuminate\\Foundation\\Bootstrap\\LoadConfiguration->bootstrap(Object(Illuminate\\Foundation\\Application))
#2 /home/erikacosta/projects/chefgo/backend/vendor/laravel/framework/src/Illuminate/Foundation/Console/Kernel.php(296): Illuminate\\Foundation\\Application->bootstrapWith(Array)
#3 /home/erikacosta/projects/chefgo/backend/vendor/laravel/framework/src/Illuminate/Foundation/Console/Kernel.php(119): Illuminate\\Foundation\\Console\\Kernel->bootstrap()
#4 /home/erikacosta/projects/chefgo/backend/artisan(35): Illuminate\\Foundation\\Console\\Kernel->handle(Object(Symfony\\Component\\Console\\Input\\ArgvInput), Object(Symfony\\Component\\Console\\Output\\ConsoleOutput))
#5 {main}
"} 
[2019-06-26 19:38:08] production.ERROR: Call to undefined method Illuminate\Validation\Rules\In::__set_state() {"exception":"[object] (Symfony\\Component\\Debug\\Exception\\FatalThrowableError(code: 0): Call to undefined method Illuminate\\Validation\\Rules\\In::__set_state() at /home/erikacosta/projects/chefgo/backend/bootstrap/cache/config.php:648)
[stacktrace]
#0 /home/erikacosta/projects/chefgo/backend/vendor/laravel/framework/src/Illuminate/Foundation/Bootstrap/LoadConfiguration.php(28): require()
#1 /home/erikacosta/projects/chefgo/backend/vendor/laravel/framework/src/Illuminate/Foundation/Application.php(213): Illuminate\\Foundation\\Bootstrap\\LoadConfiguration->bootstrap(Object(Illuminate\\Foundation\\Application))
#2 /home/erikacosta/projects/chefgo/backend/vendor/laravel/framework/src/Illuminate/Foundation/Console/Kernel.php(296): Illuminate\\Foundation\\Application->bootstrapWith(Array)
#3 /home/erikacosta/projects/chefgo/backend/vendor/laravel/framework/src/Illuminate/Foundation/Console/Kernel.php(119): Illuminate\\Foundation\\Console\\Kernel->bootstrap()
#4 /home/erikacosta/projects/chefgo/backend/artisan(35): Illuminate\\Foundation\\Console\\Kernel->handle(Object(Symfony\\Component\\Console\\Input\\ArgvInput), Object(Symfony\\Component\\Console\\Output\\ConsoleOutput))
#5 {main}
"} 
[2019-06-26 19:39:32] production.ERROR: Call to undefined method Illuminate\Validation\Rules\In::__set_state() {"exception":"[object] (Symfony\\Component\\Debug\\Exception\\FatalThrowableError(code: 0): Call to undefined method Illuminate\\Validation\\Rules\\In::__set_state() at /home/erikacosta/projects/chefgo/backend/bootstrap/cache/config.php:648)
[stacktrace]
#0 /home/erikacosta/projects/chefgo/backend/vendor/laravel/framework/src/Illuminate/Foundation/Bootstrap/LoadConfiguration.php(28): require()
#1 /home/erikacosta/projects/chefgo/backend/vendor/laravel/framework/src/Illuminate/Foundation/Application.php(213): Illuminate\\Foundation\\Bootstrap\\LoadConfiguration->bootstrap(Object(Illuminate\\Foundation\\Application))
#2 /home/erikacosta/projects/chefgo/backend/vendor/laravel/framework/src/Illuminate/Foundation/Console/Kernel.php(296): Illuminate\\Foundation\\Application->bootstrapWith(Array)
#3 /home/erikacosta/projects/chefgo/backend/vendor/laravel/framework/src/Illuminate/Foundation/Console/Kernel.php(119): Illuminate\\Foundation\\Console\\Kernel->bootstrap()
#4 /home/erikacosta/projects/chefgo/backend/artisan(35): Illuminate\\Foundation\\Console\\Kernel->handle(Object(Symfony\\Component\\Console\\Input\\ArgvInput), Object(Symfony\\Component\\Console\\Output\\ConsoleOutput))
#5 {main}
"} 
[2019-06-26 19:39:40] production.ERROR: Call to undefined method Illuminate\Validation\Rules\In::__set_state() {"exception":"[object] (Symfony\\Component\\Debug\\Exception\\FatalThrowableError(code: 0): Call to undefined method Illuminate\\Validation\\Rules\\In::__set_state() at /home/erikacosta/projects/chefgo/backend/bootstrap/cache/config.php:648)
[stacktrace]
#0 /home/erikacosta/projects/chefgo/backend/vendor/laravel/framework/src/Illuminate/Foundation/Bootstrap/LoadConfiguration.php(28): require()
#1 /home/erikacosta/projects/chefgo/backend/vendor/laravel/framework/src/Illuminate/Foundation/Application.php(213): Illuminate\\Foundation\\Bootstrap\\LoadConfiguration->bootstrap(Object(Illuminate\\Foundation\\Application))
#2 /home/erikacosta/projects/chefgo/backend/vendor/laravel/framework/src/Illuminate/Foundation/Console/Kernel.php(296): Illuminate\\Foundation\\Application->bootstrapWith(Array)
#3 /home/erikacosta/projects/chefgo/backend/vendor/laravel/framework/src/Illuminate/Foundation/Console/Kernel.php(119): Illuminate\\Foundation\\Console\\Kernel->bootstrap()
#4 /home/erikacosta/projects/chefgo/backend/artisan(35): Illuminate\\Foundation\\Console\\Kernel->handle(Object(Symfony\\Component\\Console\\Input\\ArgvInput), Object(Symfony\\Component\\Console\\Output\\ConsoleOutput))
#5 {main}
"} 
[2019-06-26 19:40:03] production.ERROR: Call to undefined method Illuminate\Validation\Rules\In::__set_state() {"exception":"[object] (Symfony\\Component\\Debug\\Exception\\FatalThrowableError(code: 0): Call to undefined method Illuminate\\Validation\\Rules\\In::__set_state() at /home/erikacosta/projects/chefgo/backend/bootstrap/cache/config.php:648)
[stacktrace]
#0 /home/erikacosta/projects/chefgo/backend/vendor/laravel/framework/src/Illuminate/Foundation/Bootstrap/LoadConfiguration.php(28): require()
#1 /home/erikacosta/projects/chefgo/backend/vendor/laravel/framework/src/Illuminate/Foundation/Application.php(213): Illuminate\\Foundation\\Bootstrap\\LoadConfiguration->bootstrap(Object(Illuminate\\Foundation\\Application))
#2 /home/erikacosta/projects/chefgo/backend/vendor/laravel/framework/src/Illuminate/Foundation/Console/Kernel.php(296): Illuminate\\Foundation\\Application->bootstrapWith(Array)
#3 /home/erikacosta/projects/chefgo/backend/vendor/laravel/framework/src/Illuminate/Foundation/Console/Kernel.php(119): Illuminate\\Foundation\\Console\\Kernel->bootstrap()
#4 /home/erikacosta/projects/chefgo/backend/artisan(35): Illuminate\\Foundation\\Console\\Kernel->handle(Object(Symfony\\Component\\Console\\Input\\ArgvInput), Object(Symfony\\Component\\Console\\Output\\ConsoleOutput))
#5 {main}
"} 
[2019-06-26 19:40:05] production.ERROR: Call to undefined method Illuminate\Validation\Rules\In::__set_state() {"exception":"[object] (Symfony\\Component\\Debug\\Exception\\FatalThrowableError(code: 0): Call to undefined method Illuminate\\Validation\\Rules\\In::__set_state() at /home/erikacosta/projects/chefgo/backend/bootstrap/cache/config.php:648)
[stacktrace]
#0 /home/erikacosta/projects/chefgo/backend/vendor/laravel/framework/src/Illuminate/Foundation/Bootstrap/LoadConfiguration.php(28): require()
#1 /home/erikacosta/projects/chefgo/backend/vendor/laravel/framework/src/Illuminate/Foundation/Application.php(213): Illuminate\\Foundation\\Bootstrap\\LoadConfiguration->bootstrap(Object(Illuminate\\Foundation\\Application))
#2 /home/erikacosta/projects/chefgo/backend/vendor/laravel/framework/src/Illuminate/Foundation/Console/Kernel.php(296): Illuminate\\Foundation\\Application->bootstrapWith(Array)
#3 /home/erikacosta/projects/chefgo/backend/vendor/laravel/framework/src/Illuminate/Foundation/Console/Kernel.php(119): Illuminate\\Foundation\\Console\\Kernel->bootstrap()
#4 /home/erikacosta/projects/chefgo/backend/artisan(35): Illuminate\\Foundation\\Console\\Kernel->handle(Object(Symfony\\Component\\Console\\Input\\ArgvInput), Object(Symfony\\Component\\Console\\Output\\ConsoleOutput))
#5 {main}
"} 
[2019-06-26 19:40:26] production.ERROR: Call to undefined method Illuminate\Validation\Rules\In::__set_state() {"exception":"[object] (Symfony\\Component\\Debug\\Exception\\FatalThrowableError(code: 0): Call to undefined method Illuminate\\Validation\\Rules\\In::__set_state() at /home/erikacosta/projects/chefgo/backend/bootstrap/cache/config.php:648)
[stacktrace]
#0 /home/erikacosta/projects/chefgo/backend/vendor/laravel/framework/src/Illuminate/Foundation/Bootstrap/LoadConfiguration.php(28): require()
#1 /home/erikacosta/projects/chefgo/backend/vendor/laravel/framework/src/Illuminate/Foundation/Application.php(213): Illuminate\\Foundation\\Bootstrap\\LoadConfiguration->bootstrap(Object(Illuminate\\Foundation\\Application))
#2 /home/erikacosta/projects/chefgo/backend/vendor/laravel/framework/src/Illuminate/Foundation/Console/Kernel.php(296): Illuminate\\Foundation\\Application->bootstrapWith(Array)
#3 /home/erikacosta/projects/chefgo/backend/vendor/laravel/framework/src/Illuminate/Foundation/Console/Kernel.php(119): Illuminate\\Foundation\\Console\\Kernel->bootstrap()
#4 /home/erikacosta/projects/chefgo/backend/artisan(35): Illuminate\\Foundation\\Console\\Kernel->handle(Object(Symfony\\Component\\Console\\Input\\ArgvInput), Object(Symfony\\Component\\Console\\Output\\ConsoleOutput))
#5 {main}
"} 
[2019-06-26 19:40:50] production.ERROR: Call to undefined method Illuminate\Validation\Rules\In::__set_state() {"exception":"[object] (Symfony\\Component\\Debug\\Exception\\FatalThrowableError(code: 0): Call to undefined method Illuminate\\Validation\\Rules\\In::__set_state() at /home/erikacosta/projects/chefgo/backend/bootstrap/cache/config.php:648)
[stacktrace]
#0 /home/erikacosta/projects/chefgo/backend/vendor/laravel/framework/src/Illuminate/Foundation/Bootstrap/LoadConfiguration.php(28): require()
#1 /home/erikacosta/projects/chefgo/backend/vendor/laravel/framework/src/Illuminate/Foundation/Application.php(213): Illuminate\\Foundation\\Bootstrap\\LoadConfiguration->bootstrap(Object(Illuminate\\Foundation\\Application))
#2 /home/erikacosta/projects/chefgo/backend/vendor/laravel/framework/src/Illuminate/Foundation/Console/Kernel.php(296): Illuminate\\Foundation\\Application->bootstrapWith(Array)
#3 /home/erikacosta/projects/chefgo/backend/vendor/laravel/framework/src/Illuminate/Foundation/Console/Kernel.php(119): Illuminate\\Foundation\\Console\\Kernel->bootstrap()
#4 /home/erikacosta/projects/chefgo/backend/artisan(35): Illuminate\\Foundation\\Console\\Kernel->handle(Object(Symfony\\Component\\Console\\Input\\ArgvInput), Object(Symfony\\Component\\Console\\Output\\ConsoleOutput))
#5 {main}
"} 
[2019-06-26 19:41:00] production.ERROR: Call to undefined method Illuminate\Validation\Rules\In::__set_state() {"exception":"[object] (Symfony\\Component\\Debug\\Exception\\FatalThrowableError(code: 0): Call to undefined method Illuminate\\Validation\\Rules\\In::__set_state() at /home/erikacosta/projects/chefgo/backend/bootstrap/cache/config.php:648)
[stacktrace]
#0 /home/erikacosta/projects/chefgo/backend/vendor/laravel/framework/src/Illuminate/Foundation/Bootstrap/LoadConfiguration.php(28): require()
#1 /home/erikacosta/projects/chefgo/backend/vendor/laravel/framework/src/Illuminate/Foundation/Application.php(213): Illuminate\\Foundation\\Bootstrap\\LoadConfiguration->bootstrap(Object(Illuminate\\Foundation\\Application))
#2 /home/erikacosta/projects/chefgo/backend/vendor/laravel/framework/src/Illuminate/Foundation/Console/Kernel.php(296): Illuminate\\Foundation\\Application->bootstrapWith(Array)
#3 /home/erikacosta/projects/chefgo/backend/vendor/laravel/framework/src/Illuminate/Foundation/Console/Kernel.php(119): Illuminate\\Foundation\\Console\\Kernel->bootstrap()
#4 /home/erikacosta/projects/chefgo/backend/artisan(35): Illuminate\\Foundation\\Console\\Kernel->handle(Object(Symfony\\Component\\Console\\Input\\ArgvInput), Object(Symfony\\Component\\Console\\Output\\ConsoleOutput))
#5 {main}
"} 
[2019-06-26 19:43:22] production.ERROR: Call to undefined method Illuminate\Validation\Rules\In::__set_state() {"exception":"[object] (Symfony\\Component\\Debug\\Exception\\FatalThrowableError(code: 0): Call to undefined method Illuminate\\Validation\\Rules\\In::__set_state() at /home/erikacosta/projects/chefgo/backend/bootstrap/cache/config.php:648)
[stacktrace]
#0 /home/erikacosta/projects/chefgo/backend/vendor/laravel/framework/src/Illuminate/Foundation/Bootstrap/LoadConfiguration.php(28): require()
#1 /home/erikacosta/projects/chefgo/backend/vendor/laravel/framework/src/Illuminate/Foundation/Application.php(213): Illuminate\\Foundation\\Bootstrap\\LoadConfiguration->bootstrap(Object(Illuminate\\Foundation\\Application))
#2 /home/erikacosta/projects/chefgo/backend/vendor/laravel/framework/src/Illuminate/Foundation/Console/Kernel.php(296): Illuminate\\Foundation\\Application->bootstrapWith(Array)
#3 /home/erikacosta/projects/chefgo/backend/vendor/laravel/framework/src/Illuminate/Foundation/Console/Kernel.php(119): Illuminate\\Foundation\\Console\\Kernel->bootstrap()
#4 /home/erikacosta/projects/chefgo/backend/artisan(35): Illuminate\\Foundation\\Console\\Kernel->handle(Object(Symfony\\Component\\Console\\Input\\ArgvInput), Object(Symfony\\Component\\Console\\Output\\ConsoleOutput))
#5 {main}
"} 
[2019-06-26 19:49:33] production.ERROR: Call to undefined method Illuminate\Validation\Rules\In::__set_state() {"exception":"[object] (Symfony\\Component\\Debug\\Exception\\FatalThrowableError(code: 0): Call to undefined method Illuminate\\Validation\\Rules\\In::__set_state() at /home/erikacosta/projects/chefgo/backend/bootstrap/cache/config.php:648)
[stacktrace]
#0 /home/erikacosta/projects/chefgo/backend/vendor/laravel/framework/src/Illuminate/Foundation/Bootstrap/LoadConfiguration.php(28): require()
#1 /home/erikacosta/projects/chefgo/backend/vendor/laravel/framework/src/Illuminate/Foundation/Application.php(213): Illuminate\\Foundation\\Bootstrap\\LoadConfiguration->bootstrap(Object(Illuminate\\Foundation\\Application))
#2 /home/erikacosta/projects/chefgo/backend/vendor/laravel/framework/src/Illuminate/Foundation/Console/Kernel.php(296): Illuminate\\Foundation\\Application->bootstrapWith(Array)
#3 /home/erikacosta/projects/chefgo/backend/vendor/laravel/framework/src/Illuminate/Foundation/Console/Kernel.php(119): Illuminate\\Foundation\\Console\\Kernel->bootstrap()
#4 /home/erikacosta/projects/chefgo/backend/artisan(35): Illuminate\\Foundation\\Console\\Kernel->handle(Object(Symfony\\Component\\Console\\Input\\ArgvInput), Object(Symfony\\Component\\Console\\Output\\ConsoleOutput))
#5 {main}
"} 
[2019-07-01 19:10:21] production.ERROR: Call to undefined method Illuminate\Validation\Rules\In::__set_state() {"exception":"[object] (Symfony\\Component\\Debug\\Exception\\FatalThrowableError(code: 0): Call to undefined method Illuminate\\Validation\\Rules\\In::__set_state() at /home/erikacosta/projects/chefgo/backend/bootstrap/cache/config.php:648)
[stacktrace]
#0 /home/erikacosta/projects/chefgo/backend/vendor/laravel/framework/src/Illuminate/Foundation/Bootstrap/LoadConfiguration.php(28): require()
#1 /home/erikacosta/projects/chefgo/backend/vendor/laravel/framework/src/Illuminate/Foundation/Application.php(213): Illuminate\\Foundation\\Bootstrap\\LoadConfiguration->bootstrap(Object(Illuminate\\Foundation\\Application))
#2 /home/erikacosta/projects/chefgo/backend/vendor/laravel/framework/src/Illuminate/Foundation/Console/Kernel.php(296): Illuminate\\Foundation\\Application->bootstrapWith(Array)
#3 /home/erikacosta/projects/chefgo/backend/vendor/laravel/framework/src/Illuminate/Foundation/Console/Kernel.php(119): Illuminate\\Foundation\\Console\\Kernel->bootstrap()
#4 /home/erikacosta/projects/chefgo/backend/artisan(35): Illuminate\\Foundation\\Console\\Kernel->handle(Object(Symfony\\Component\\Console\\Input\\ArgvInput), Object(Symfony\\Component\\Console\\Output\\ConsoleOutput))
#5 {main}
"} 
[2019-07-01 19:20:41] production.ERROR: Call to undefined method Illuminate\Validation\Rules\In::__set_state() {"exception":"[object] (Symfony\\Component\\Debug\\Exception\\FatalThrowableError(code: 0): Call to undefined method Illuminate\\Validation\\Rules\\In::__set_state() at /home/erikacosta/projects/chefgo/backend/bootstrap/cache/config.php:648)
[stacktrace]
#0 /home/erikacosta/projects/chefgo/backend/vendor/laravel/framework/src/Illuminate/Foundation/Bootstrap/LoadConfiguration.php(28): require()
#1 /home/erikacosta/projects/chefgo/backend/vendor/laravel/framework/src/Illuminate/Foundation/Application.php(213): Illuminate\\Foundation\\Bootstrap\\LoadConfiguration->bootstrap(Object(Illuminate\\Foundation\\Application))
#2 /home/erikacosta/projects/chefgo/backend/vendor/laravel/framework/src/Illuminate/Foundation/Console/Kernel.php(296): Illuminate\\Foundation\\Application->bootstrapWith(Array)
#3 /home/erikacosta/projects/chefgo/backend/vendor/laravel/framework/src/Illuminate/Foundation/Console/Kernel.php(119): Illuminate\\Foundation\\Console\\Kernel->bootstrap()
#4 /home/erikacosta/projects/chefgo/backend/artisan(35): Illuminate\\Foundation\\Console\\Kernel->handle(Object(Symfony\\Component\\Console\\Input\\ArgvInput), Object(Symfony\\Component\\Console\\Output\\ConsoleOutput))
#5 {main}
"} 
[2019-07-01 19:32:24] production.ERROR: Call to undefined method Illuminate\Validation\Rules\In::__set_state() {"exception":"[object] (Symfony\\Component\\Debug\\Exception\\FatalThrowableError(code: 0): Call to undefined method Illuminate\\Validation\\Rules\\In::__set_state() at /home/erikacosta/projects/chefgo/backend/bootstrap/cache/config.php:648)
[stacktrace]
#0 /home/erikacosta/projects/chefgo/backend/vendor/laravel/framework/src/Illuminate/Foundation/Bootstrap/LoadConfiguration.php(28): require()
#1 /home/erikacosta/projects/chefgo/backend/vendor/laravel/framework/src/Illuminate/Foundation/Application.php(213): Illuminate\\Foundation\\Bootstrap\\LoadConfiguration->bootstrap(Object(Illuminate\\Foundation\\Application))
#2 /home/erikacosta/projects/chefgo/backend/vendor/laravel/framework/src/Illuminate/Foundation/Console/Kernel.php(296): Illuminate\\Foundation\\Application->bootstrapWith(Array)
#3 /home/erikacosta/projects/chefgo/backend/vendor/laravel/framework/src/Illuminate/Foundation/Console/Kernel.php(119): Illuminate\\Foundation\\Console\\Kernel->bootstrap()
#4 /home/erikacosta/projects/chefgo/backend/artisan(35): Illuminate\\Foundation\\Console\\Kernel->handle(Object(Symfony\\Component\\Console\\Input\\ArgvInput), Object(Symfony\\Component\\Console\\Output\\ConsoleOutput))
#5 {main}
"} 
[2019-07-01 19:33:35] production.ERROR: Call to undefined method Illuminate\Validation\Rules\In::__set_state() {"exception":"[object] (Symfony\\Component\\Debug\\Exception\\FatalThrowableError(code: 0): Call to undefined method Illuminate\\Validation\\Rules\\In::__set_state() at /home/erikacosta/projects/chefgo/backend/bootstrap/cache/config.php:648)
[stacktrace]
#0 /home/erikacosta/projects/chefgo/backend/vendor/laravel/framework/src/Illuminate/Foundation/Bootstrap/LoadConfiguration.php(28): require()
#1 /home/erikacosta/projects/chefgo/backend/vendor/laravel/framework/src/Illuminate/Foundation/Application.php(213): Illuminate\\Foundation\\Bootstrap\\LoadConfiguration->bootstrap(Object(Illuminate\\Foundation\\Application))
#2 /home/erikacosta/projects/chefgo/backend/vendor/laravel/framework/src/Illuminate/Foundation/Console/Kernel.php(296): Illuminate\\Foundation\\Application->bootstrapWith(Array)
#3 /home/erikacosta/projects/chefgo/backend/vendor/laravel/framework/src/Illuminate/Foundation/Console/Kernel.php(119): Illuminate\\Foundation\\Console\\Kernel->bootstrap()
#4 /home/erikacosta/projects/chefgo/backend/artisan(35): Illuminate\\Foundation\\Console\\Kernel->handle(Object(Symfony\\Component\\Console\\Input\\ArgvInput), Object(Symfony\\Component\\Console\\Output\\ConsoleOutput))
#5 {main}
"} 
[2019-07-01 19:34:25] production.ERROR: Call to undefined method Illuminate\Validation\Rules\In::__set_state() {"exception":"[object] (Symfony\\Component\\Debug\\Exception\\FatalThrowableError(code: 0): Call to undefined method Illuminate\\Validation\\Rules\\In::__set_state() at /home/erikacosta/projects/chefgo/backend/bootstrap/cache/config.php:648)
[stacktrace]
#0 /home/erikacosta/projects/chefgo/backend/vendor/laravel/framework/src/Illuminate/Foundation/Bootstrap/LoadConfiguration.php(28): require()
#1 /home/erikacosta/projects/chefgo/backend/vendor/laravel/framework/src/Illuminate/Foundation/Application.php(213): Illuminate\\Foundation\\Bootstrap\\LoadConfiguration->bootstrap(Object(Illuminate\\Foundation\\Application))
#2 /home/erikacosta/projects/chefgo/backend/vendor/laravel/framework/src/Illuminate/Foundation/Console/Kernel.php(296): Illuminate\\Foundation\\Application->bootstrapWith(Array)
#3 /home/erikacosta/projects/chefgo/backend/vendor/laravel/framework/src/Illuminate/Foundation/Console/Kernel.php(119): Illuminate\\Foundation\\Console\\Kernel->bootstrap()
#4 /home/erikacosta/projects/chefgo/backend/artisan(35): Illuminate\\Foundation\\Console\\Kernel->handle(Object(Symfony\\Component\\Console\\Input\\ArgvInput), Object(Symfony\\Component\\Console\\Output\\ConsoleOutput))
#5 {main}
"} 
